{"C:\\Users\\romen\\Documents\\Workspace\\convertmoney\\lib\\api-bcb.js": {"path":"C:\\Users\\romen\\Documents\\Workspace\\convertmoney\\lib\\api-bcb.js","statementMap":{"0":{"start":{"line":1,"column":15},"end":{"line":1,"column":31}},"1":{"start":{"line":3,"column":15},"end":{"line":3,"column":228}},"2":{"start":{"line":3,"column":23},"end":{"line":3,"column":228}},"3":{"start":{"line":5,"column":22},"end":{"line":5,"column":43}},"4":{"start":{"line":5,"column":29},"end":{"line":5,"column":43}},"5":{"start":{"line":6,"column":23},"end":{"line":6,"column":60}},"6":{"start":{"line":6,"column":30},"end":{"line":6,"column":60}},"7":{"start":{"line":8,"column":17},"end":{"line":12,"column":1}},"8":{"start":{"line":9,"column":18},"end":{"line":9,"column":28}},"9":{"start":{"line":10,"column":21},"end":{"line":10,"column":85}},"10":{"start":{"line":11,"column":4},"end":{"line":11,"column":19}},"11":{"start":{"line":14,"column":19},"end":{"line":26,"column":1}},"12":{"start":{"line":14,"column":76},"end":{"line":26,"column":1}},"13":{"start":{"line":15,"column":4},"end":{"line":25,"column":5}},"14":{"start":{"line":16,"column":22},"end":{"line":16,"column":32}},"15":{"start":{"line":17,"column":20},"end":{"line":17,"column":33}},"16":{"start":{"line":18,"column":20},"end":{"line":18,"column":44}},"17":{"start":{"line":19,"column":24},"end":{"line":19,"column":43}},"18":{"start":{"line":20,"column":8},"end":{"line":20,"column":22}},"19":{"start":{"line":23,"column":8},"end":{"line":23,"column":34}},"20":{"start":{"line":24,"column":8},"end":{"line":24,"column":17}},"21":{"start":{"line":28,"column":0},"end":{"line":37,"column":1}}},"fnMap":{"0":{"name":"(anonymous_0)","decl":{"start":{"line":3,"column":15},"end":{"line":3,"column":16}},"loc":{"start":{"line":3,"column":23},"end":{"line":3,"column":228}},"line":3},"1":{"name":"(anonymous_1)","decl":{"start":{"line":5,"column":22},"end":{"line":5,"column":23}},"loc":{"start":{"line":5,"column":29},"end":{"line":5,"column":43}},"line":5},"2":{"name":"(anonymous_2)","decl":{"start":{"line":6,"column":23},"end":{"line":6,"column":24}},"loc":{"start":{"line":6,"column":30},"end":{"line":6,"column":60}},"line":6},"3":{"name":"(anonymous_3)","decl":{"start":{"line":8,"column":17},"end":{"line":8,"column":18}},"loc":{"start":{"line":8,"column":23},"end":{"line":12,"column":1}},"line":8},"4":{"name":"(anonymous_4)","decl":{"start":{"line":14,"column":19},"end":{"line":14,"column":20}},"loc":{"start":{"line":14,"column":76},"end":{"line":26,"column":1}},"line":14},"5":{"name":"(anonymous_5)","decl":{"start":{"line":14,"column":76},"end":{"line":14,"column":77}},"loc":{"start":{"line":14,"column":87},"end":{"line":26,"column":1}},"line":14}},"branchMap":{},"s":{"0":1,"1":1,"2":1,"3":1,"4":1,"5":1,"6":1,"7":1,"8":1,"9":1,"10":1,"11":1,"12":3,"13":2,"14":2,"15":2,"16":2,"17":1,"18":1,"19":1,"20":1,"21":1},"f":{"0":1,"1":1,"2":1,"3":1,"4":3,"5":2},"b":{},"_coverageSchema":"1a1c01bbd47fc00a2c39e90264f33305004495a9","hash":"715818d7f198e1be2b94b4331b8836d40811afb3"}
,"C:\\Users\\romen\\Documents\\Workspace\\convertmoney\\lib\\convert.js": {"path":"C:\\Users\\romen\\Documents\\Workspace\\convertmoney\\lib\\convert.js","statementMap":{"0":{"start":{"line":1,"column":16},"end":{"line":1,"column":49}},"1":{"start":{"line":1,"column":35},"end":{"line":1,"column":49}},"2":{"start":{"line":3,"column":20},"end":{"line":3,"column":59}},"3":{"start":{"line":3,"column":31},"end":{"line":3,"column":59}},"4":{"start":{"line":5,"column":0},"end":{"line":8,"column":1}}},"fnMap":{"0":{"name":"(anonymous_0)","decl":{"start":{"line":1,"column":16},"end":{"line":1,"column":17}},"loc":{"start":{"line":1,"column":35},"end":{"line":1,"column":49}},"line":1},"1":{"name":"(anonymous_1)","decl":{"start":{"line":3,"column":20},"end":{"line":3,"column":21}},"loc":{"start":{"line":3,"column":31},"end":{"line":3,"column":59}},"line":3}},"branchMap":{},"s":{"0":1,"1":3,"2":1,"3":2,"4":1},"f":{"0":3,"1":2},"b":{},"_coverageSchema":"1a1c01bbd47fc00a2c39e90264f33305004495a9","hash":"41343a6891c601c02acdf5bc84253856740fbdad"}
}
